2023/07/04 20:11:34:335 INFO com.threerings.getdown: ------------------ VM Info ------------------
2023/07/04 20:11:34:336 INFO com.threerings.getdown: -- OS Name: Windows 10
2023/07/04 20:11:34:336 INFO com.threerings.getdown: -- OS Arch: x86
2023/07/04 20:11:34:336 INFO com.threerings.getdown: -- OS Vers: 10.0
2023/07/04 20:11:34:337 INFO com.threerings.getdown: -- Java Vers: 1.8.0_202
2023/07/04 20:11:34:337 INFO com.threerings.getdown: -- Java Home: C:\Program Files (x86)\Java\jre1.8.0_202
2023/07/04 20:11:34:337 INFO com.threerings.getdown: -- User Name: charles
2023/07/04 20:11:34:337 INFO com.threerings.getdown: -- User Home: C:\Users\charles
2023/07/04 20:11:34:337 INFO com.threerings.getdown: -- Cur dir: C:\website\energy2d
2023/07/04 20:11:34:337 INFO com.threerings.getdown: ---------------------------------------------
2023/07/04 20:11:34:353 INFO com.threerings.getdown: Failed to find proxy settings in Windows registry [error=java.lang.NoClassDefFoundError: ca/beq/util/win32/registry/RegistryKey]
2023/07/04 20:11:34:353 INFO com.threerings.getdown: Checking whether we need to use a proxy...
2023/07/04 20:11:34:353 INFO com.threerings.getdown: Found no getdown.txt file [appdir=.]
2023/07/04 20:11:34:353 INFO com.threerings.getdown: Attempting to obtain 'appbase' from system property [appbase=null]
2023/07/04 20:11:34:353 WARNING com.threerings.getdown: run() failed.
java.lang.RuntimeException: m.missing_appbase
	at com.threerings.getdown.data.Application.init(Application.java:537)
	at com.threerings.getdown.launcher.Getdown.detectProxy(Getdown.java:299)
	at com.threerings.getdown.launcher.Getdown.run(Getdown.java:170)
2023/07/04 20:11:34:381 INFO com.threerings.getdown: Dropping status 'm.missing_appbase'.
2023/07/05 08:21:24:358 INFO com.threerings.getdown: Nothing to install.
